[2026-01-18T07:43:00.182+0000] {local_task_job_runner.py:123} INFO - ::group::Pre task execution logs
[2026-01-18T07:43:00.188+0000] {taskinstance.py:2613} INFO - Dependencies all met for dep_context=non-requeueable deps ti=<TaskInstance: real_quant_strategy_v2_documented.fetch_market_data manual__2026-01-18T07:42:59.067440+00:00 [queued]>
[2026-01-18T07:43:00.191+0000] {taskinstance.py:2613} INFO - Dependencies all met for dep_context=requeueable deps ti=<TaskInstance: real_quant_strategy_v2_documented.fetch_market_data manual__2026-01-18T07:42:59.067440+00:00 [queued]>
[2026-01-18T07:43:00.191+0000] {taskinstance.py:2866} INFO - Starting attempt 1 of 2
[2026-01-18T07:43:00.195+0000] {taskinstance.py:2889} INFO - Executing <Task(PythonOperator): fetch_market_data> on 2026-01-18 07:42:59.067440+00:00
[2026-01-18T07:43:00.198+0000] {standard_task_runner.py:72} INFO - Started process 206 to run task
[2026-01-18T07:43:00.201+0000] {standard_task_runner.py:104} INFO - Running: ['***', 'tasks', 'run', 'real_quant_strategy_v2_documented', 'fetch_market_data', 'manual__2026-01-18T07:42:59.067440+00:00', '--job-id', '2', '--raw', '--subdir', 'DAGS_FOLDER/real_quant_dag.py', '--cfg-path', '/tmp/tmp4kxffh3s']
[2026-01-18T07:43:00.203+0000] {standard_task_runner.py:105} INFO - Job 2: Subtask fetch_market_data
[2026-01-18T07:43:00.223+0000] {task_command.py:467} INFO - Running <TaskInstance: real_quant_strategy_v2_documented.fetch_market_data manual__2026-01-18T07:42:59.067440+00:00 [running]> on host 94578ec6e383
[2026-01-18T07:43:00.267+0000] {taskinstance.py:3132} INFO - Exporting env vars: AIRFLOW_CTX_DAG_OWNER='quant_architect' AIRFLOW_CTX_DAG_ID='real_quant_strategy_v2_documented' AIRFLOW_CTX_TASK_ID='fetch_market_data' AIRFLOW_CTX_EXECUTION_DATE='2026-01-18T07:42:59.067440+00:00' AIRFLOW_CTX_TRY_NUMBER='1' AIRFLOW_CTX_DAG_RUN_ID='manual__2026-01-18T07:42:59.067440+00:00'
[2026-01-18T07:43:00.268+0000] {taskinstance.py:731} INFO - ::endgroup::
[2026-01-18T07:43:00.286+0000] {real_quant_dag.py:118} INFO - 🚀 Starting Market Data Collection...
[2026-01-18T07:43:01.925+0000] {real_quant_dag.py:164} INFO - ✅ Processed LAES: RSI=65.36
[2026-01-18T07:43:02.381+0000] {real_quant_dag.py:164} INFO - ✅ Processed RKLB: RSI=83.13
[2026-01-18T07:43:02.946+0000] {real_quant_dag.py:164} INFO - ✅ Processed PLTR: RSI=32.42
[2026-01-18T07:43:03.398+0000] {real_quant_dag.py:164} INFO - ✅ Processed AMD: RSI=63.95
[2026-01-18T07:43:03.914+0000] {real_quant_dag.py:164} INFO - ✅ Processed MSFT: RSI=26.23
[2026-01-18T07:43:03.915+0000] {python.py:240} INFO - Done. Returned value was: [{'ticker': 'LAES', 'price': 4.56, 'rsi': 65.36, 'technical_signal': 'NEUTRAL (Wait and see)', 'news': '- No Title\n- No Title\n- No Title\n'}, {'ticker': 'RKLB', 'price': 96.3, 'rsi': 83.13, 'technical_signal': 'OVERBOUGHT (Potential SELL warning)', 'news': '- No Title\n- No Title\n- No Title\n'}, {'ticker': 'PLTR', 'price': 170.96, 'rsi': 32.42, 'technical_signal': 'OVERSOLD (Potential BUY opportunity)', 'news': '- No Title\n- No Title\n- No Title\n'}, {'ticker': 'AMD', 'price': 231.83, 'rsi': 63.95, 'technical_signal': 'NEUTRAL (Wait and see)', 'news': '- No Title\n- No Title\n- No Title\n'}, {'ticker': 'MSFT', 'price': 459.86, 'rsi': 26.23, 'technical_signal': 'OVERSOLD (Potential BUY opportunity)', 'news': '- No Title\n- No Title\n- No Title\n'}]
[2026-01-18T07:43:03.938+0000] {taskinstance.py:340} INFO - ::group::Post task execution logs
[2026-01-18T07:43:03.938+0000] {taskinstance.py:352} INFO - Marking task as SUCCESS. dag_id=real_quant_strategy_v2_documented, task_id=fetch_market_data, run_id=manual__2026-01-18T07:42:59.067440+00:00, execution_date=20260118T074259, start_date=20260118T074300, end_date=20260118T074303
[2026-01-18T07:43:03.977+0000] {local_task_job_runner.py:266} INFO - Task exited with return code 0
[2026-01-18T07:43:03.995+0000] {taskinstance.py:3895} INFO - 1 downstream tasks scheduled from follow-on schedule check
[2026-01-18T07:43:03.996+0000] {local_task_job_runner.py:245} INFO - ::endgroup::
