[2026-01-18T05:58:36.974+0000] {taskinstance.py:1956} INFO - Dependencies all met for dep_context=non-requeueable deps ti=<TaskInstance: reddit_meme_stock_pipeline.fetch_reddit_data scheduled__2026-01-17T00:00:00+00:00 [queued]>
[2026-01-18T05:58:36.980+0000] {taskinstance.py:1956} INFO - Dependencies all met for dep_context=requeueable deps ti=<TaskInstance: reddit_meme_stock_pipeline.fetch_reddit_data scheduled__2026-01-17T00:00:00+00:00 [queued]>
[2026-01-18T05:58:36.980+0000] {taskinstance.py:2170} INFO - Starting attempt 1 of 2
[2026-01-18T05:58:36.988+0000] {taskinstance.py:2191} INFO - Executing <Task(PythonOperator): fetch_reddit_data> on 2026-01-17 00:00:00+00:00
[2026-01-18T05:58:36.991+0000] {standard_task_runner.py:60} INFO - Started process 223 to run task
[2026-01-18T05:58:36.993+0000] {standard_task_runner.py:87} INFO - Running: ['***', 'tasks', 'run', 'reddit_meme_stock_pipeline', 'fetch_reddit_data', 'scheduled__2026-01-17T00:00:00+00:00', '--job-id', '5', '--raw', '--subdir', 'DAGS_FOLDER/reddit_dog.py', '--cfg-path', '/tmp/tmpv6538aun']
[2026-01-18T05:58:36.995+0000] {standard_task_runner.py:88} INFO - Job 5: Subtask fetch_reddit_data
[2026-01-18T05:58:37.035+0000] {task_command.py:423} INFO - Running <TaskInstance: reddit_meme_stock_pipeline.fetch_reddit_data scheduled__2026-01-17T00:00:00+00:00 [running]> on host d5bc930e2d13
[2026-01-18T05:58:37.075+0000] {taskinstance.py:2480} INFO - Exporting env vars: AIRFLOW_CTX_DAG_OWNER='***' AIRFLOW_CTX_DAG_ID='reddit_meme_stock_pipeline' AIRFLOW_CTX_TASK_ID='fetch_reddit_data' AIRFLOW_CTX_EXECUTION_DATE='2026-01-17T00:00:00+00:00' AIRFLOW_CTX_TRY_NUMBER='1' AIRFLOW_CTX_DAG_RUN_ID='scheduled__2026-01-17T00:00:00+00:00'
[2026-01-18T05:58:37.076+0000] {reddit_dog.py:75} INFO - Starting to fetch data from Reddit...
[2026-01-18T05:58:37.076+0000] {reddit_dog.py:86} INFO - Successfully fetched 4 posts.
[2026-01-18T05:58:37.077+0000] {python.py:201} INFO - Done. Returned value was: ['GME is going to the moon! 🚀 (Gamestop)', 'NVIDIA earning calls are looking great. AI is the future.', 'I lost all my money on Tesla puts. Elon why?', 'Apple vision pro is too expensive but technology is amazing.']
[2026-01-18T05:58:37.087+0000] {taskinstance.py:1138} INFO - Marking task as SUCCESS. dag_id=reddit_meme_stock_pipeline, task_id=fetch_reddit_data, execution_date=20260117T000000, start_date=20260118T055836, end_date=20260118T055837
[2026-01-18T05:58:37.131+0000] {local_task_job_runner.py:234} INFO - Task exited with return code 0
[2026-01-18T05:58:37.144+0000] {taskinstance.py:3280} INFO - 1 downstream tasks scheduled from follow-on schedule check
[2026-01-18T11:37:44.094+0000] {local_task_job_runner.py:123} INFO - ::group::Pre task execution logs
[2026-01-18T11:37:44.105+0000] {taskinstance.py:2613} INFO - Dependencies all met for dep_context=non-requeueable deps ti=<TaskInstance: reddit_meme_stock_pipeline.fetch_reddit_data scheduled__2026-01-17T00:00:00+00:00 [queued]>
[2026-01-18T11:37:44.108+0000] {taskinstance.py:2613} INFO - Dependencies all met for dep_context=requeueable deps ti=<TaskInstance: reddit_meme_stock_pipeline.fetch_reddit_data scheduled__2026-01-17T00:00:00+00:00 [queued]>
[2026-01-18T11:37:44.109+0000] {taskinstance.py:2866} INFO - Starting attempt 1 of 2
[2026-01-18T11:37:44.114+0000] {taskinstance.py:2889} INFO - Executing <Task(PythonOperator): fetch_reddit_data> on 2026-01-17 00:00:00+00:00
[2026-01-18T11:37:44.119+0000] {standard_task_runner.py:72} INFO - Started process 8863 to run task
[2026-01-18T11:37:44.121+0000] {standard_task_runner.py:104} INFO - Running: ['***', 'tasks', 'run', 'reddit_meme_stock_pipeline', 'fetch_reddit_data', 'scheduled__2026-01-17T00:00:00+00:00', '--job-id', '40', '--raw', '--subdir', 'DAGS_FOLDER/reddit_dog.py', '--cfg-path', '/tmp/tmpe6uuk88i']
[2026-01-18T11:37:44.122+0000] {standard_task_runner.py:105} INFO - Job 40: Subtask fetch_reddit_data
[2026-01-18T11:37:44.143+0000] {task_command.py:467} INFO - Running <TaskInstance: reddit_meme_stock_pipeline.fetch_reddit_data scheduled__2026-01-17T00:00:00+00:00 [running]> on host 4cffc33b1875
[2026-01-18T11:37:44.178+0000] {taskinstance.py:3132} INFO - Exporting env vars: AIRFLOW_CTX_DAG_OWNER='***' AIRFLOW_CTX_DAG_ID='reddit_meme_stock_pipeline' AIRFLOW_CTX_TASK_ID='fetch_reddit_data' AIRFLOW_CTX_EXECUTION_DATE='2026-01-17T00:00:00+00:00' AIRFLOW_CTX_TRY_NUMBER='1' AIRFLOW_CTX_DAG_RUN_ID='scheduled__2026-01-17T00:00:00+00:00'
[2026-01-18T11:37:44.179+0000] {taskinstance.py:731} INFO - ::endgroup::
[2026-01-18T11:37:44.196+0000] {reddit_dog.py:89} INFO - Starting to fetch data from Reddit...
[2026-01-18T11:37:44.196+0000] {reddit_dog.py:100} INFO - Successfully fetched 3 posts.
[2026-01-18T11:37:44.196+0000] {python.py:240} INFO - Done. Returned value was: [{'id': 'rd_001', 'title': 'TSLA to the moon! All in!', 'author': 'diamond_hands'}, {'id': 'rd_002', 'title': 'NVDA is looking a bit bearish today', 'author': 'bear_trap'}, {'id': 'rd_003', 'title': 'What are we buying tomorrow?', 'author': 'yolo_trader'}]
[2026-01-18T11:37:44.205+0000] {taskinstance.py:340} INFO - ::group::Post task execution logs
[2026-01-18T11:37:44.205+0000] {taskinstance.py:352} INFO - Marking task as SUCCESS. dag_id=reddit_meme_stock_pipeline, task_id=fetch_reddit_data, run_id=scheduled__2026-01-17T00:00:00+00:00, execution_date=20260117T000000, start_date=20260118T113744, end_date=20260118T113744
[2026-01-18T11:37:44.220+0000] {local_task_job_runner.py:266} INFO - Task exited with return code 0
[2026-01-18T11:37:44.230+0000] {taskinstance.py:3895} INFO - 1 downstream tasks scheduled from follow-on schedule check
[2026-01-18T11:37:44.231+0000] {local_task_job_runner.py:245} INFO - ::endgroup::
