[2026-01-18T05:58:38.015+0000] {taskinstance.py:1956} INFO - Dependencies all met for dep_context=non-requeueable deps ti=<TaskInstance: reddit_meme_stock_pipeline.analyze_data scheduled__2026-01-17T00:00:00+00:00 [queued]>
[2026-01-18T05:58:38.020+0000] {taskinstance.py:1956} INFO - Dependencies all met for dep_context=requeueable deps ti=<TaskInstance: reddit_meme_stock_pipeline.analyze_data scheduled__2026-01-17T00:00:00+00:00 [queued]>
[2026-01-18T05:58:38.021+0000] {taskinstance.py:2170} INFO - Starting attempt 1 of 2
[2026-01-18T05:58:38.027+0000] {taskinstance.py:2191} INFO - Executing <Task(PythonOperator): analyze_data> on 2026-01-17 00:00:00+00:00
[2026-01-18T05:58:38.030+0000] {standard_task_runner.py:60} INFO - Started process 227 to run task
[2026-01-18T05:58:38.032+0000] {standard_task_runner.py:87} INFO - Running: ['***', 'tasks', 'run', 'reddit_meme_stock_pipeline', 'analyze_data', 'scheduled__2026-01-17T00:00:00+00:00', '--job-id', '7', '--raw', '--subdir', 'DAGS_FOLDER/reddit_dog.py', '--cfg-path', '/tmp/tmpow67bh56']
[2026-01-18T05:58:38.033+0000] {standard_task_runner.py:88} INFO - Job 7: Subtask analyze_data
[2026-01-18T05:58:38.054+0000] {task_command.py:423} INFO - Running <TaskInstance: reddit_meme_stock_pipeline.analyze_data scheduled__2026-01-17T00:00:00+00:00 [running]> on host d5bc930e2d13
[2026-01-18T05:58:38.099+0000] {taskinstance.py:2480} INFO - Exporting env vars: AIRFLOW_CTX_DAG_OWNER='***' AIRFLOW_CTX_DAG_ID='reddit_meme_stock_pipeline' AIRFLOW_CTX_TASK_ID='analyze_data' AIRFLOW_CTX_EXECUTION_DATE='2026-01-17T00:00:00+00:00' AIRFLOW_CTX_TRY_NUMBER='1' AIRFLOW_CTX_DAG_RUN_ID='scheduled__2026-01-17T00:00:00+00:00'
[2026-01-18T05:58:38.104+0000] {reddit_dog.py:109} INFO - Sending 4 posts to AI Brain at http://api-server:8000/analyze...
[2026-01-18T05:58:40.166+0000] {reddit_dog.py:125} INFO - Analysis Result: {'action': 'BUY', 'reasoning': "GME stock is likely being hyped on Reddit's WallStreetBets and there is potential for a short squeeze or rapid increase in price due to increased demand. However, this is a volatile stock and the decision to BUY should be made cautiously and with a clear exit strategy in mind.", 'ticker': 'UNKNOWN'}
[2026-01-18T05:58:41.560+0000] {reddit_dog.py:125} INFO - Analysis Result: {'decision': 'BUY', 'reasoning': "NVIDIA's strong earning calls indicate a positive outlook for the company. The mention of AI as the future further reinforces the potential growth opportunities for NVIDIA. It is advisable to BUY the stock in anticipation of a positive price movement.", 'ticker': 'UNKNOWN'}
[2026-01-18T05:58:42.509+0000] {reddit_dog.py:125} INFO - Analysis Result: {'action': 'BUY', 'reasoning': '테슬라 주식은 이미 하락한 상태이므로 더 이상 하락할 여지가 적을 수 있습니다. 현재 매수하면 주가가 반등할 가능성이 있습니다.', 'ticker': 'UNKNOWN'}
[2026-01-18T05:58:44.546+0000] {reddit_dog.py:125} INFO - Analysis Result: {'action': 'HOLD', 'reasoning': 'Apple의 제품은 비싸지만 기술력과 품질이 뛰어나기 때문에 현재 보유한 상태를 유지하는 것이 바람직하다.', 'ticker': 'UNKNOWN'}
[2026-01-18T05:58:44.547+0000] {reddit_dog.py:133} INFO - Total Analysis Completed: 4 items.
[2026-01-18T05:58:44.547+0000] {python.py:201} INFO - Done. Returned value was: [{'action': 'BUY', 'reasoning': "GME stock is likely being hyped on Reddit's WallStreetBets and there is potential for a short squeeze or rapid increase in price due to increased demand. However, this is a volatile stock and the decision to BUY should be made cautiously and with a clear exit strategy in mind.", 'ticker': 'UNKNOWN'}, {'decision': 'BUY', 'reasoning': "NVIDIA's strong earning calls indicate a positive outlook for the company. The mention of AI as the future further reinforces the potential growth opportunities for NVIDIA. It is advisable to BUY the stock in anticipation of a positive price movement.", 'ticker': 'UNKNOWN'}, {'action': 'BUY', 'reasoning': '테슬라 주식은 이미 하락한 상태이므로 더 이상 하락할 여지가 적을 수 있습니다. 현재 매수하면 주가가 반등할 가능성이 있습니다.', 'ticker': 'UNKNOWN'}, {'action': 'HOLD', 'reasoning': 'Apple의 제품은 비싸지만 기술력과 품질이 뛰어나기 때문에 현재 보유한 상태를 유지하는 것이 바람직하다.', 'ticker': 'UNKNOWN'}]
[2026-01-18T05:58:44.562+0000] {taskinstance.py:1138} INFO - Marking task as SUCCESS. dag_id=reddit_meme_stock_pipeline, task_id=analyze_data, execution_date=20260117T000000, start_date=20260118T055838, end_date=20260118T055844
[2026-01-18T05:58:44.582+0000] {local_task_job_runner.py:234} INFO - Task exited with return code 0
[2026-01-18T05:58:44.591+0000] {taskinstance.py:3280} INFO - 0 downstream tasks scheduled from follow-on schedule check
[2026-01-18T11:37:44.830+0000] {local_task_job_runner.py:123} INFO - ::group::Pre task execution logs
[2026-01-18T11:37:44.838+0000] {taskinstance.py:2613} INFO - Dependencies all met for dep_context=non-requeueable deps ti=<TaskInstance: reddit_meme_stock_pipeline.analyze_data scheduled__2026-01-17T00:00:00+00:00 [queued]>
[2026-01-18T11:37:44.842+0000] {taskinstance.py:2613} INFO - Dependencies all met for dep_context=requeueable deps ti=<TaskInstance: reddit_meme_stock_pipeline.analyze_data scheduled__2026-01-17T00:00:00+00:00 [queued]>
[2026-01-18T11:37:44.842+0000] {taskinstance.py:2866} INFO - Starting attempt 1 of 2
[2026-01-18T11:37:44.848+0000] {taskinstance.py:2889} INFO - Executing <Task(PythonOperator): analyze_data> on 2026-01-17 00:00:00+00:00
[2026-01-18T11:37:44.851+0000] {standard_task_runner.py:72} INFO - Started process 8873 to run task
[2026-01-18T11:37:44.853+0000] {standard_task_runner.py:104} INFO - Running: ['***', 'tasks', 'run', 'reddit_meme_stock_pipeline', 'analyze_data', 'scheduled__2026-01-17T00:00:00+00:00', '--job-id', '42', '--raw', '--subdir', 'DAGS_FOLDER/reddit_dog.py', '--cfg-path', '/tmp/tmpc5jc93gf']
[2026-01-18T11:37:44.855+0000] {standard_task_runner.py:105} INFO - Job 42: Subtask analyze_data
[2026-01-18T11:37:44.881+0000] {task_command.py:467} INFO - Running <TaskInstance: reddit_meme_stock_pipeline.analyze_data scheduled__2026-01-17T00:00:00+00:00 [running]> on host 4cffc33b1875
[2026-01-18T11:37:44.918+0000] {taskinstance.py:3132} INFO - Exporting env vars: AIRFLOW_CTX_DAG_OWNER='***' AIRFLOW_CTX_DAG_ID='reddit_meme_stock_pipeline' AIRFLOW_CTX_TASK_ID='analyze_data' AIRFLOW_CTX_EXECUTION_DATE='2026-01-17T00:00:00+00:00' AIRFLOW_CTX_TRY_NUMBER='1' AIRFLOW_CTX_DAG_RUN_ID='scheduled__2026-01-17T00:00:00+00:00'
[2026-01-18T11:37:44.918+0000] {taskinstance.py:731} INFO - ::endgroup::
[2026-01-18T11:37:44.928+0000] {reddit_dog.py:127} INFO - Sending 3 posts to AI Brain at http://api-server:8000/analyze...
[2026-01-18T11:37:44.957+0000] {reddit_dog.py:149} ERROR - Failed to analyze post: {'id': 'rd_001', 'title': 'TSLA to the moon! All in!', 'author': 'diamond_hands'}. Error: 422 Client Error: Unprocessable Entity for url: http://api-server:8000/analyze
[2026-01-18T11:37:44.961+0000] {reddit_dog.py:149} ERROR - Failed to analyze post: {'id': 'rd_002', 'title': 'NVDA is looking a bit bearish today', 'author': 'bear_trap'}. Error: 422 Client Error: Unprocessable Entity for url: http://api-server:8000/analyze
[2026-01-18T11:37:44.963+0000] {reddit_dog.py:149} ERROR - Failed to analyze post: {'id': 'rd_003', 'title': 'What are we buying tomorrow?', 'author': 'yolo_trader'}. Error: 422 Client Error: Unprocessable Entity for url: http://api-server:8000/analyze
[2026-01-18T11:37:44.963+0000] {reddit_dog.py:151} INFO - Total Analysis Completed: 0 items.
[2026-01-18T11:37:44.963+0000] {python.py:240} INFO - Done. Returned value was: []
[2026-01-18T11:37:44.978+0000] {taskinstance.py:340} INFO - ::group::Post task execution logs
[2026-01-18T11:37:44.980+0000] {taskinstance.py:352} INFO - Marking task as SUCCESS. dag_id=reddit_meme_stock_pipeline, task_id=analyze_data, run_id=scheduled__2026-01-17T00:00:00+00:00, execution_date=20260117T000000, start_date=20260118T113744, end_date=20260118T113744
[2026-01-18T11:37:44.992+0000] {local_task_job_runner.py:266} INFO - Task exited with return code 0
[2026-01-18T11:37:45.005+0000] {taskinstance.py:3895} INFO - 1 downstream tasks scheduled from follow-on schedule check
[2026-01-18T11:37:45.006+0000] {local_task_job_runner.py:245} INFO - ::endgroup::
