[2026-01-18T06:55:49.601+0000] {local_task_job_runner.py:123} INFO - ::group::Pre task execution logs
[2026-01-18T06:55:49.606+0000] {taskinstance.py:2613} INFO - Dependencies all met for dep_context=non-requeueable deps ti=<TaskInstance: real_quant_strategy_v2_documented.fetch_market_data manual__2026-01-18T06:55:48.607175+00:00 [queued]>
[2026-01-18T06:55:49.609+0000] {taskinstance.py:2613} INFO - Dependencies all met for dep_context=requeueable deps ti=<TaskInstance: real_quant_strategy_v2_documented.fetch_market_data manual__2026-01-18T06:55:48.607175+00:00 [queued]>
[2026-01-18T06:55:49.609+0000] {taskinstance.py:2866} INFO - Starting attempt 1 of 2
[2026-01-18T06:55:49.613+0000] {taskinstance.py:2889} INFO - Executing <Task(PythonOperator): fetch_market_data> on 2026-01-18 06:55:48.607175+00:00
[2026-01-18T06:55:49.616+0000] {standard_task_runner.py:72} INFO - Started process 184 to run task
[2026-01-18T06:55:49.619+0000] {standard_task_runner.py:104} INFO - Running: ['***', 'tasks', 'run', 'real_quant_strategy_v2_documented', 'fetch_market_data', 'manual__2026-01-18T06:55:48.607175+00:00', '--job-id', '18', '--raw', '--subdir', 'DAGS_FOLDER/real_quant_dag.py', '--cfg-path', '/tmp/tmp4wzswi5n']
[2026-01-18T06:55:49.621+0000] {standard_task_runner.py:105} INFO - Job 18: Subtask fetch_market_data
[2026-01-18T06:55:49.663+0000] {task_command.py:467} INFO - Running <TaskInstance: real_quant_strategy_v2_documented.fetch_market_data manual__2026-01-18T06:55:48.607175+00:00 [running]> on host 93f07f10e06a
[2026-01-18T06:55:49.700+0000] {taskinstance.py:3132} INFO - Exporting env vars: AIRFLOW_CTX_DAG_OWNER='quant_architect' AIRFLOW_CTX_DAG_ID='real_quant_strategy_v2_documented' AIRFLOW_CTX_TASK_ID='fetch_market_data' AIRFLOW_CTX_EXECUTION_DATE='2026-01-18T06:55:48.607175+00:00' AIRFLOW_CTX_TRY_NUMBER='1' AIRFLOW_CTX_DAG_RUN_ID='manual__2026-01-18T06:55:48.607175+00:00'
[2026-01-18T06:55:49.701+0000] {taskinstance.py:731} INFO - ::endgroup::
[2026-01-18T06:55:49.717+0000] {real_quant_dag.py:107} INFO - 🚀 Starting Market Data Collection...
[2026-01-18T06:55:53.930+0000] {real_quant_dag.py:153} INFO - ✅ Processed AAPL: RSI=10.48
[2026-01-18T06:55:54.725+0000] {real_quant_dag.py:153} INFO - ✅ Processed TSLA: RSI=31.15
[2026-01-18T06:55:55.247+0000] {real_quant_dag.py:153} INFO - ✅ Processed NVDA: RSI=40.43
[2026-01-18T06:55:55.774+0000] {real_quant_dag.py:153} INFO - ✅ Processed AMD: RSI=63.95
[2026-01-18T06:55:56.311+0000] {real_quant_dag.py:153} INFO - ✅ Processed MSFT: RSI=26.23
[2026-01-18T06:55:56.316+0000] {python.py:240} INFO - Done. Returned value was: [{'ticker': 'AAPL', 'price': 255.53, 'rsi': 10.48, 'technical_signal': 'OVERSOLD (Potential BUY opportunity)', 'news': '- No Title\n- No Title\n- No Title\n'}, {'ticker': 'TSLA', 'price': 437.5, 'rsi': 31.15, 'technical_signal': 'OVERSOLD (Potential BUY opportunity)', 'news': '- No Title\n- No Title\n- No Title\n'}, {'ticker': 'NVDA', 'price': 186.23, 'rsi': 40.43, 'technical_signal': 'NEUTRAL (Wait and see)', 'news': '- No Title\n- No Title\n- No Title\n'}, {'ticker': 'AMD', 'price': 231.83, 'rsi': 63.95, 'technical_signal': 'NEUTRAL (Wait and see)', 'news': '- No Title\n- No Title\n- No Title\n'}, {'ticker': 'MSFT', 'price': 459.86, 'rsi': 26.23, 'technical_signal': 'OVERSOLD (Potential BUY opportunity)', 'news': '- No Title\n- No Title\n- No Title\n'}]
[2026-01-18T06:55:56.344+0000] {taskinstance.py:340} INFO - ::group::Post task execution logs
[2026-01-18T06:55:56.345+0000] {taskinstance.py:352} INFO - Marking task as SUCCESS. dag_id=real_quant_strategy_v2_documented, task_id=fetch_market_data, run_id=manual__2026-01-18T06:55:48.607175+00:00, execution_date=20260118T065548, start_date=20260118T065549, end_date=20260118T065556
[2026-01-18T06:55:56.401+0000] {local_task_job_runner.py:266} INFO - Task exited with return code 0
[2026-01-18T06:55:56.419+0000] {taskinstance.py:3895} INFO - 1 downstream tasks scheduled from follow-on schedule check
[2026-01-18T06:55:56.420+0000] {local_task_job_runner.py:245} INFO - ::endgroup::
