[2026-01-18T11:42:44.235+0000] {local_task_job_runner.py:123} INFO - ::group::Pre task execution logs
[2026-01-18T11:42:44.242+0000] {taskinstance.py:2613} INFO - Dependencies all met for dep_context=non-requeueable deps ti=<TaskInstance: reddit_meme_stock_pipeline.analyze_data manual__2026-01-18T11:42:42.785069+00:00 [queued]>
[2026-01-18T11:42:44.245+0000] {taskinstance.py:2613} INFO - Dependencies all met for dep_context=requeueable deps ti=<TaskInstance: reddit_meme_stock_pipeline.analyze_data manual__2026-01-18T11:42:42.785069+00:00 [queued]>
[2026-01-18T11:42:44.245+0000] {taskinstance.py:2866} INFO - Starting attempt 1 of 2
[2026-01-18T11:42:44.250+0000] {taskinstance.py:2889} INFO - Executing <Task(PythonOperator): analyze_data> on 2026-01-18 11:42:42.785069+00:00
[2026-01-18T11:42:44.253+0000] {standard_task_runner.py:72} INFO - Started process 12037 to run task
[2026-01-18T11:42:44.254+0000] {standard_task_runner.py:104} INFO - Running: ['***', 'tasks', 'run', 'reddit_meme_stock_pipeline', 'analyze_data', 'manual__2026-01-18T11:42:42.785069+00:00', '--job-id', '53', '--raw', '--subdir', 'DAGS_FOLDER/reddit_dog.py', '--cfg-path', '/tmp/tmpl931feh8']
[2026-01-18T11:42:44.256+0000] {standard_task_runner.py:105} INFO - Job 53: Subtask analyze_data
[2026-01-18T11:42:44.277+0000] {task_command.py:467} INFO - Running <TaskInstance: reddit_meme_stock_pipeline.analyze_data manual__2026-01-18T11:42:42.785069+00:00 [running]> on host 4cffc33b1875
[2026-01-18T11:42:44.314+0000] {taskinstance.py:3132} INFO - Exporting env vars: AIRFLOW_CTX_DAG_OWNER='***' AIRFLOW_CTX_DAG_ID='reddit_meme_stock_pipeline' AIRFLOW_CTX_TASK_ID='analyze_data' AIRFLOW_CTX_EXECUTION_DATE='2026-01-18T11:42:42.785069+00:00' AIRFLOW_CTX_TRY_NUMBER='1' AIRFLOW_CTX_DAG_RUN_ID='manual__2026-01-18T11:42:42.785069+00:00'
[2026-01-18T11:42:44.315+0000] {taskinstance.py:731} INFO - ::endgroup::
[2026-01-18T11:42:44.327+0000] {reddit_dog.py:127} INFO - Sending 3 posts to AI Brain at http://api-server:8000/analyze...
[2026-01-18T11:42:44.339+0000] {reddit_dog.py:149} ERROR - Failed to analyze post: {'id': 'rd_001', 'title': 'TSLA to the moon! All in!', 'author': 'diamond_hands'}. Error: 422 Client Error: Unprocessable Entity for url: http://api-server:8000/analyze
[2026-01-18T11:42:44.341+0000] {reddit_dog.py:149} ERROR - Failed to analyze post: {'id': 'rd_002', 'title': 'NVDA is looking a bit bearish today', 'author': 'bear_trap'}. Error: 422 Client Error: Unprocessable Entity for url: http://api-server:8000/analyze
[2026-01-18T11:42:44.342+0000] {reddit_dog.py:149} ERROR - Failed to analyze post: {'id': 'rd_003', 'title': 'What are we buying tomorrow?', 'author': 'yolo_trader'}. Error: 422 Client Error: Unprocessable Entity for url: http://api-server:8000/analyze
[2026-01-18T11:42:44.342+0000] {reddit_dog.py:151} INFO - Total Analysis Completed: 0 items.
[2026-01-18T11:42:44.343+0000] {python.py:240} INFO - Done. Returned value was: []
[2026-01-18T11:42:44.352+0000] {taskinstance.py:340} INFO - ::group::Post task execution logs
[2026-01-18T11:42:44.352+0000] {taskinstance.py:352} INFO - Marking task as SUCCESS. dag_id=reddit_meme_stock_pipeline, task_id=analyze_data, run_id=manual__2026-01-18T11:42:42.785069+00:00, execution_date=20260118T114242, start_date=20260118T114244, end_date=20260118T114244
[2026-01-18T11:42:44.397+0000] {local_task_job_runner.py:266} INFO - Task exited with return code 0
[2026-01-18T11:42:44.411+0000] {taskinstance.py:3895} INFO - 1 downstream tasks scheduled from follow-on schedule check
[2026-01-18T11:42:44.412+0000] {local_task_job_runner.py:245} INFO - ::endgroup::
